<?xml version="1.0" encoding="UTF-8"?>
<!-- Generated by org.testng.reporters.JUnitReportReporter -->
<testsuite hostname="TVMATP612984L" failures="0" tests="4" name="Test.polestar_Base" time="43.031" errors="0" timestamp="2024-07-05T12:47:39 IST" skipped="0">
  <testcase classname="Test.polestar_Base" name="openWeb" time="11.575"/>
  <testcase classname="Test.polestar_Base" name="openWeb" time="17.875"/>
  <testcase classname="Test.polestar_Base" name="click" time="6.352"/>
  <testcase classname="Test.polestar_Base" name="click" time="7.229"/>
</testsuite> <!-- Test.polestar_Base -->
